Using pre-set license
Built from '2021.1/staging' branch; Version is '2021.1.6f1 (c0fade0cc7e9) revision 12647134'; Using compiler version '192528614'; Build Type 'Release'
OS: 'Windows 10 Home Single Language; OS build 19042.985; Version 2009; 64bit' Language: 'tr' Physical Memory: 16284 MB
BatchMode: 1, IsHumanControllingUs: 0, StartBugReporterOnCrash: 0, Is64bit: 1, IsPro: 0

 COMMAND LINE ARGUMENTS:
C:\Program Files\Unity\Hub\Editor\2021.1.6f1\Editor\Unity.exe
-adb2
-batchMode
-noUpm
-name
AssetImportWorker0
-projectPath
D:/MyProject/9Tas/NineTas
-logFile
Logs/AssetImportWorker0.log
-srvPort
49788
Successfully changed project path to: D:/MyProject/9Tas/NineTas
D:/MyProject/9Tas/NineTas
Using Asset Import Pipeline V2.
Refreshing native plugins compatible for Editor in 41.30 ms, found 1 plugins.
Preloading 0 native plugins for Editor in 0.00 ms.
Initialize engine version: 2021.1.6f1 (c0fade0cc7e9)
[Subsystems] Discovering subsystems at path C:/Program Files/Unity/Hub/Editor/2021.1.6f1/Editor/Data/Resources/UnitySubsystems
[Subsystems] Discovering subsystems at path D:/MyProject/9Tas/NineTas/Assets
GfxDevice: creating device client; threaded=0; jobified=0
Direct3D:
    Version:  Direct3D 11.0 [level 11.0]
    Renderer: NVIDIA GeForce 940MX (ID=0x134d)
    Vendor:   NVIDIA
    VRAM:     2010 MB
    Driver:   27.21.14.6172
Initialize mono
Mono path[0] = 'C:/Program Files/Unity/Hub/Editor/2021.1.6f1/Editor/Data/Managed'
Mono path[1] = 'C:/Program Files/Unity/Hub/Editor/2021.1.6f1/Editor/Data/MonoBleedingEdge/lib/mono/unityjit'
Mono config path = 'C:/Program Files/Unity/Hub/Editor/2021.1.6f1/Editor/Data/MonoBleedingEdge/etc'
Using monoOptions --debugger-agent=transport=dt_socket,embedding=1,server=y,suspend=n,address=127.0.0.1:56636
Begin MonoManager ReloadAssembly
Registering precompiled unity dll's ...
Register platform support module: C:/Program Files/Unity/Hub/Editor/2021.1.6f1/Editor/Data/PlaybackEngines/WindowsStandaloneSupport/UnityEditor.WindowsStandalone.Extensions.dll
Registered in 0.005171 seconds.
Native extension for WindowsStandalone target not found
Refreshing native plugins compatible for Editor in 78.68 ms, found 1 plugins.
Preloading 0 native plugins for Editor in 0.00 ms.
Mono: successfully reloaded assembly
- Completed reload, in  5.952 seconds
Platform modules already initialized, skipping
Registering precompiled user dll's ...
Registered in 0.001057 seconds.
Begin MonoManager ReloadAssembly
Native extension for WindowsStandalone target not found
Refreshing native plugins compatible for Editor in 66.21 ms, found 1 plugins.
Preloading 0 native plugins for Editor in 0.00 ms.
Mono: successfully reloaded assembly
- Completed reload, in  2.818 seconds
Platform modules already initialized, skipping
========================================================================
Worker process is ready to serve import requests
Launched and connected shader compiler UnityShaderCompiler.exe after 0.07 seconds
Refreshing native plugins compatible for Editor in 0.60 ms, found 1 plugins.
Preloading 0 native plugins for Editor in 0.00 ms.
Unloading 1846 Unused Serialized files (Serialized files now loaded: 0)
System memory in use before: 89.3 MB.
System memory in use after: 89.4 MB.

Unloading 19 unused Assets to reduce memory usage. Loaded Objects now: 2310.
Total: 5.603600 ms (FindLiveObjects: 0.198200 ms CreateObjectMapping: 0.106800 ms MarkObjects: 5.175600 ms  DeleteObjects: 0.121400 ms)

========================================================================
Received Import Request.
  path: Assets/Scripts/Ses.cs
  artifactKey: Guid(0da7936a07bc1d243b01e152e5b1b438) Importer(815301076,1909f56bfc062723c751e8b465ee728b)
Start importing Assets/Scripts/Ses.cs using Guid(0da7936a07bc1d243b01e152e5b1b438) Importer(815301076,1909f56bfc062723c751e8b465ee728b)  -> (artifact id: 'ce3a772a1d98500b82efe580094c28df') in 0.063505 seconds 
========================================================================
Received Prepare
Registering precompiled user dll's ...
Registered in 0.001620 seconds.
Begin MonoManager ReloadAssembly
Native extension for WindowsStandalone target not found
Refreshing native plugins compatible for Editor in 0.36 ms, found 1 plugins.
Preloading 0 native plugins for Editor in 0.00 ms.
Mono: successfully reloaded assembly
- Completed reload, in  1.088 seconds
Platform modules already initialized, skipping
Refreshing native plugins compatible for Editor in 0.46 ms, found 1 plugins.
Preloading 0 native plugins for Editor in 0.00 ms.
Unloading 1824 Unused Serialized files (Serialized files now loaded: 0)
System memory in use before: 87.6 MB.
System memory in use after: 87.7 MB.

Unloading 8 unused Assets to reduce memory usage. Loaded Objects now: 2313.
Total: 2.347600 ms (FindLiveObjects: 0.161800 ms CreateObjectMapping: 0.072900 ms MarkObjects: 2.096600 ms  DeleteObjects: 0.015500 ms)

========================================================================
Received Import Request.
  Time since last request: 441.602827 seconds.
  path: Assets/Scripts/Ses.cs
  artifactKey: Guid(0da7936a07bc1d243b01e152e5b1b438) Importer(815301076,1909f56bfc062723c751e8b465ee728b)
Start importing Assets/Scripts/Ses.cs using Guid(0da7936a07bc1d243b01e152e5b1b438) Importer(815301076,1909f56bfc062723c751e8b465ee728b)  -> (artifact id: '0866f86222129ba1b2161190b1fc9683') in 0.004258 seconds 
========================================================================
Received Prepare
Refreshing native plugins compatible for Editor in 1.63 ms, found 1 plugins.
Preloading 0 native plugins for Editor in 0.00 ms.
Unloading 6 Unused Serialized files (Serialized files now loaded: 0)
System memory in use before: 51.5 MB.
System memory in use after: 51.6 MB.

Unloading 5 unused Assets to reduce memory usage. Loaded Objects now: 2313.
Total: 2.888000 ms (FindLiveObjects: 0.228900 ms CreateObjectMapping: 0.158400 ms MarkObjects: 2.480000 ms  DeleteObjects: 0.019500 ms)

========================================================================
Received Import Request.
  Time since last request: 422.862473 seconds.
  path: Assets/Scenes/GameScene.unity
  artifactKey: Guid(263d37b6dc4790b4b8c1f7aaccbd94f4) Importer(815301076,1909f56bfc062723c751e8b465ee728b)
Start importing Assets/Scenes/GameScene.unity using Guid(263d37b6dc4790b4b8c1f7aaccbd94f4) Importer(815301076,1909f56bfc062723c751e8b465ee728b)  -> (artifact id: '36a28a74687475430fe9ae48746bd149') in 0.048869 seconds 
========================================================================
Received Import Request.
  Time since last request: 3.639399 seconds.
  path: Assets/Scenes/MenuScene.unity
  artifactKey: Guid(2cda990e2423bbf4892e6590ba056729) Importer(815301076,1909f56bfc062723c751e8b465ee728b)
Start importing Assets/Scenes/MenuScene.unity using Guid(2cda990e2423bbf4892e6590ba056729) Importer(815301076,1909f56bfc062723c751e8b465ee728b)  -> (artifact id: '862446f386d7dc9e723b67f445d6cd2e') in 0.008974 seconds 
========================================================================
Received Prepare
Refreshing native plugins compatible for Editor in 1.27 ms, found 1 plugins.
Preloading 0 native plugins for Editor in 0.00 ms.
Unloading 6 Unused Serialized files (Serialized files now loaded: 0)
System memory in use before: 51.5 MB.
System memory in use after: 51.7 MB.

Unloading 5 unused Assets to reduce memory usage. Loaded Objects now: 2313.
Total: 3.341100 ms (FindLiveObjects: 0.168300 ms CreateObjectMapping: 0.067500 ms MarkObjects: 3.077900 ms  DeleteObjects: 0.026100 ms)

AssetImportWorkerClient::OnTransportError - code=2 error=End of file
